2020-11-30 23:15:36,719 [operatorexcel.py] <函数:get_excel_data>行数:56 -INFO- 执行转换用例开始。。。。
2020-11-30 23:15:36,719 [operatorexcel.py] <函数:get_excel_data>行数:59 -INFO- 读取excel用例数据。。。。
2020-11-30 23:15:36,719 [operatorexcel.py] <函数:getExcel>行数:19 -INFO- 遍历用例目录读取用例excel开始。。。。。。。。。。。。。
2020-11-30 23:15:36,720 [operatorexcel.py] <函数:getExcel>行数:30 -INFO- F:\pywork\ApiAutoFramework\data\data1\case2.xlsx
2020-11-30 23:15:36,720 [operatorexcel.py] <函数:getExcel>行数:31 -INFO- 读取用例excel中sheet开始。。。。。。。。。。。。。
2020-11-30 23:15:36,757 [operatorexcel.py] <函数:getExcel>行数:30 -INFO- F:\pywork\ApiAutoFramework\data\data1\case22.xlsx
2020-11-30 23:15:36,757 [operatorexcel.py] <函数:getExcel>行数:31 -INFO- 读取用例excel中sheet开始。。。。。。。。。。。。。
2020-11-30 23:15:36,776 [operatorexcel.py] <函数:getExcel>行数:30 -INFO- F:\pywork\ApiAutoFramework\data\data2\case11.xlsx
2020-11-30 23:15:36,776 [operatorexcel.py] <函数:getExcel>行数:31 -INFO- 读取用例excel中sheet开始。。。。。。。。。。。。。
2020-11-30 23:15:36,794 [operatorexcel.py] <函数:getExcel>行数:52 -INFO- {'case2.xlsx': [['http://39.98.138.157:5000/api/login', '{"username":"admin","password":"123456"}', '{"content-type": "application/json"}', 'post', 'json', 'success,200', '$.msg,$.httpstatus', 'loginvar'], ['http://39.98.138.157:5000/api/getproductinfo?productid=8888', None, None, 'get', 'url', '8888', "$.data[0]['productid']", 'productvar'], ['http://39.98.138.157:5000/api/getuserinfo', None, '{"token": "$loginvar.token$"}', 'get', 'url', '17890,admin,4321', "$.data[0]['userid'],$.data[0]['username'],$.data[0]['userpoints']", 'uservar'], ['http://39.98.138.157:5000/api/addcart', '{"userid":$uservar.data[0].userid$,"openid":"$uservar.data[0].openid$","productid":$productvar.data[0].productid$}', '{"token": "$loginvar.token$","content-type": "application/json"}', 'post', 'json', 'success', '$.result', '/']], 'case22.xlsx': [['http://39.98.138.157:5000/api/login', '{"username":"admin","password":"123456"}', '{"content-type": "application/json"}', 'post', 'json', 'success', '$.msg', 'loginvar'], ['http://39.98.138.157:5000/api/getproductinfo?productid=8888', None, None, 'get', 'url', '8888', "$.data[0]['productid']", 'productvar'], ['http://39.98.138.157:5000/api/getuserinfo', None, '{"token": "$loginvar.token$"}', 'get', 'url', '17890', "$.data[0]['userid']", 'uservar'], ['http://39.98.138.157:5000/api/addcart', '{"userid":$uservar.data[0].userid$,"openid":"$uservar.data[0].openid$","productid":$productvar.data[0].productid$}', '{"token": "$loginvar.token$","content-type": "application/json"}', 'post', 'json', 'success', '$.result', '/']], 'case11.xlsx': [['http://39.98.138.157:5000/api/login', '{"username":"admin","password":"123456"}', '{"content-type": "application/json"}', 'post', 'json', 'success', '$.msg', 'loginvar'], ['http://39.98.138.157:5000/api/getproductinfo?productid=8888', None, None, 'get', 'url', '8888', "$.data[0]['productid']", 'productvar'], ['http://39.98.138.157:5000/api/getuserinfo', None, '{"token": "$loginvar.token$"}', 'get', 'url', '17890', "$.data[0]['userid']", 'uservar'], ['http://39.98.138.157:5000/api/addcart', '{"userid":$uservar.data[0].userid$,"openid":"$uservar.data[0].openid$","productid":$productvar.data[0].productid$}', '{"token": "$loginvar.token$","content-type": "application/json"}', 'post', 'json', 'success', '$.result', '/']]}
2020-11-30 23:15:36,795 [operatorexcel.py] <函数:get_excel_data>行数:61 -INFO- 循环读取excel中每行数据开始。。。。
2020-11-30 23:15:36,795 [operatorexcel.py] <函数:get_excel_data>行数:67 -INFO- excel用例数据读取完成。。。。
2020-11-30 23:15:36,795 [operatorexcel.py] <函数:get_excel_data>行数:68 -INFO- [['http://39.98.138.157:5000/api/login', '{"username":"admin","password":"123456"}', '{"content-type": "application/json"}', 'post', 'json', 'success,200', '$.msg,$.httpstatus', 'loginvar'], ['http://39.98.138.157:5000/api/getproductinfo?productid=8888', None, None, 'get', 'url', '8888', "$.data[0]['productid']", 'productvar'], ['http://39.98.138.157:5000/api/getuserinfo', None, '{"token": "$loginvar.token$"}', 'get', 'url', '17890,admin,4321', "$.data[0]['userid'],$.data[0]['username'],$.data[0]['userpoints']", 'uservar'], ['http://39.98.138.157:5000/api/addcart', '{"userid":$uservar.data[0].userid$,"openid":"$uservar.data[0].openid$","productid":$productvar.data[0].productid$}', '{"token": "$loginvar.token$","content-type": "application/json"}', 'post', 'json', 'success', '$.result', '/'], ['http://39.98.138.157:5000/api/login', '{"username":"admin","password":"123456"}', '{"content-type": "application/json"}', 'post', 'json', 'success', '$.msg', 'loginvar'], ['http://39.98.138.157:5000/api/getproductinfo?productid=8888', None, None, 'get', 'url', '8888', "$.data[0]['productid']", 'productvar'], ['http://39.98.138.157:5000/api/getuserinfo', None, '{"token": "$loginvar.token$"}', 'get', 'url', '17890', "$.data[0]['userid']", 'uservar'], ['http://39.98.138.157:5000/api/addcart', '{"userid":$uservar.data[0].userid$,"openid":"$uservar.data[0].openid$","productid":$productvar.data[0].productid$}', '{"token": "$loginvar.token$","content-type": "application/json"}', 'post', 'json', 'success', '$.result', '/'], ['http://39.98.138.157:5000/api/login', '{"username":"admin","password":"123456"}', '{"content-type": "application/json"}', 'post', 'json', 'success', '$.msg', 'loginvar'], ['http://39.98.138.157:5000/api/getproductinfo?productid=8888', None, None, 'get', 'url', '8888', "$.data[0]['productid']", 'productvar'], ['http://39.98.138.157:5000/api/getuserinfo', None, '{"token": "$loginvar.token$"}', 'get', 'url', '17890', "$.data[0]['userid']", 'uservar'], ['http://39.98.138.157:5000/api/addcart', '{"userid":$uservar.data[0].userid$,"openid":"$uservar.data[0].openid$","productid":$productvar.data[0].productid$}', '{"token": "$loginvar.token$","content-type": "application/json"}', 'post', 'json', 'success', '$.result', '/']]
2020-11-30 23:15:36,802 [test_case.py] <函数:test_get_commonapi>行数:33 -INFO- 替换body中的空格换行特殊字符开始。。。。
2020-11-30 23:15:36,803 [test_case.py] <函数:test_get_commonapi>行数:36 -INFO- 转换存在可变变量开始。。。。
2020-11-30 23:15:36,803 [operator_Common.py] <函数:post>行数:19 -INFO- 执行post请求开始。。。。。。。。。。。。。
2020-11-30 23:15:36,907 [test_case.py] <函数:test_get_commonapi>行数:61 -INFO- 解析json数据开始解析。。。。。。
2020-11-30 23:15:36,907 [test_case.py] <函数:test_get_commonapi>行数:66 -INFO- 多预期值判断。。。。。。。
2020-11-30 23:15:36,907 [test_case.py] <函数:test_get_commonapi>行数:61 -INFO- 解析json数据开始解析。。。。。。
2020-11-30 23:15:36,907 [test_case.py] <函数:test_get_commonapi>行数:66 -INFO- 多预期值判断。。。。。。。
2020-11-30 23:15:36,912 [test_case.py] <函数:test_get_commonapi>行数:33 -INFO- 替换body中的空格换行特殊字符开始。。。。
2020-11-30 23:15:36,913 [test_case.py] <函数:test_get_commonapi>行数:36 -INFO- 转换存在可变变量开始。。。。
2020-11-30 23:15:36,913 [operator_Common.py] <函数:get>行数:28 -INFO- 执行get请求开始。。。。。。。。。。。。
2020-11-30 23:15:36,997 [test_case.py] <函数:test_get_commonapi>行数:33 -INFO- 替换body中的空格换行特殊字符开始。。。。
2020-11-30 23:15:36,997 [test_case.py] <函数:test_get_commonapi>行数:36 -INFO- 转换存在可变变量开始。。。。
2020-11-30 23:15:36,997 [convertoperator.py] <函数:convertBody>行数:18 -INFO- 找出存在可变变量区间块。。。。
2020-11-30 23:15:36,997 [convertoperator.py] <函数:convertBody>行数:25 -INFO- 分割字符串。。。。
2020-11-30 23:15:36,997 [convertoperator.py] <函数:convertBody>行数:25 -INFO- 分割字符串。。。。
2020-11-30 23:15:36,997 [convertoperator.py] <函数:convertBody>行数:31 -INFO- 找块中全局变量的名称。。。。
2020-11-30 23:15:36,998 [convertoperator.py] <函数:convertBody>行数:34 -INFO- 获取全局变量json值。。。。
2020-11-30 23:15:36,998 [convertoperator.py] <函数:convertBody>行数:38 -INFO- 获取块中jsonpath。。。。
2020-11-30 23:15:36,998 [convertoperator.py] <函数:convertBody>行数:44 -INFO- 由jsonpath从全局变量里面取值并替换变量块。。。。
2020-11-30 23:15:36,998 [convertoperator.py] <函数:convertBody>行数:25 -INFO- 分割字符串。。。。
2020-11-30 23:15:36,998 [operator_Common.py] <函数:get>行数:28 -INFO- 执行get请求开始。。。。。。。。。。。。
2020-11-30 23:15:37,079 [test_case.py] <函数:test_get_commonapi>行数:61 -INFO- 解析json数据开始解析。。。。。。
2020-11-30 23:15:37,079 [test_case.py] <函数:test_get_commonapi>行数:66 -INFO- 多预期值判断。。。。。。。
2020-11-30 23:15:37,079 [test_case.py] <函数:test_get_commonapi>行数:61 -INFO- 解析json数据开始解析。。。。。。
2020-11-30 23:15:37,079 [test_case.py] <函数:test_get_commonapi>行数:66 -INFO- 多预期值判断。。。。。。。
2020-11-30 23:15:37,079 [test_case.py] <函数:test_get_commonapi>行数:61 -INFO- 解析json数据开始解析。。。。。。
2020-11-30 23:15:37,080 [test_case.py] <函数:test_get_commonapi>行数:66 -INFO- 多预期值判断。。。。。。。
2020-11-30 23:15:37,084 [test_case.py] <函数:test_get_commonapi>行数:33 -INFO- 替换body中的空格换行特殊字符开始。。。。
2020-11-30 23:15:37,085 [test_case.py] <函数:test_get_commonapi>行数:36 -INFO- 转换存在可变变量开始。。。。
2020-11-30 23:15:37,085 [convertoperator.py] <函数:convertBody>行数:18 -INFO- 找出存在可变变量区间块。。。。
2020-11-30 23:15:37,085 [convertoperator.py] <函数:convertBody>行数:25 -INFO- 分割字符串。。。。
2020-11-30 23:15:37,085 [convertoperator.py] <函数:convertBody>行数:25 -INFO- 分割字符串。。。。
2020-11-30 23:15:37,085 [convertoperator.py] <函数:convertBody>行数:31 -INFO- 找块中全局变量的名称。。。。
2020-11-30 23:15:37,085 [convertoperator.py] <函数:convertBody>行数:34 -INFO- 获取全局变量json值。。。。
2020-11-30 23:15:37,085 [convertoperator.py] <函数:convertBody>行数:38 -INFO- 获取块中jsonpath。。。。
2020-11-30 23:15:37,085 [convertoperator.py] <函数:convertBody>行数:44 -INFO- 由jsonpath从全局变量里面取值并替换变量块。。。。
2020-11-30 23:15:37,085 [convertoperator.py] <函数:convertBody>行数:25 -INFO- 分割字符串。。。。
2020-11-30 23:15:37,086 [convertoperator.py] <函数:convertBody>行数:25 -INFO- 分割字符串。。。。
2020-11-30 23:15:37,086 [convertoperator.py] <函数:convertBody>行数:31 -INFO- 找块中全局变量的名称。。。。
2020-11-30 23:15:37,086 [convertoperator.py] <函数:convertBody>行数:34 -INFO- 获取全局变量json值。。。。
2020-11-30 23:15:37,086 [convertoperator.py] <函数:convertBody>行数:38 -INFO- 获取块中jsonpath。。。。
2020-11-30 23:15:37,086 [convertoperator.py] <函数:convertBody>行数:44 -INFO- 由jsonpath从全局变量里面取值并替换变量块。。。。
2020-11-30 23:15:37,086 [convertoperator.py] <函数:convertBody>行数:25 -INFO- 分割字符串。。。。
2020-11-30 23:15:37,086 [convertoperator.py] <函数:convertBody>行数:25 -INFO- 分割字符串。。。。
2020-11-30 23:15:37,086 [convertoperator.py] <函数:convertBody>行数:31 -INFO- 找块中全局变量的名称。。。。
2020-11-30 23:15:37,086 [convertoperator.py] <函数:convertBody>行数:34 -INFO- 获取全局变量json值。。。。
2020-11-30 23:15:37,087 [convertoperator.py] <函数:convertBody>行数:38 -INFO- 获取块中jsonpath。。。。
2020-11-30 23:15:37,087 [convertoperator.py] <函数:convertBody>行数:44 -INFO- 由jsonpath从全局变量里面取值并替换变量块。。。。
2020-11-30 23:15:37,087 [convertoperator.py] <函数:convertBody>行数:25 -INFO- 分割字符串。。。。
2020-11-30 23:15:37,087 [convertoperator.py] <函数:convertBody>行数:18 -INFO- 找出存在可变变量区间块。。。。
2020-11-30 23:15:37,087 [convertoperator.py] <函数:convertBody>行数:25 -INFO- 分割字符串。。。。
2020-11-30 23:15:37,087 [convertoperator.py] <函数:convertBody>行数:25 -INFO- 分割字符串。。。。
2020-11-30 23:15:37,087 [convertoperator.py] <函数:convertBody>行数:31 -INFO- 找块中全局变量的名称。。。。
2020-11-30 23:15:37,087 [convertoperator.py] <函数:convertBody>行数:34 -INFO- 获取全局变量json值。。。。
2020-11-30 23:15:37,087 [convertoperator.py] <函数:convertBody>行数:38 -INFO- 获取块中jsonpath。。。。
2020-11-30 23:15:37,088 [convertoperator.py] <函数:convertBody>行数:44 -INFO- 由jsonpath从全局变量里面取值并替换变量块。。。。
2020-11-30 23:15:37,088 [convertoperator.py] <函数:convertBody>行数:25 -INFO- 分割字符串。。。。
2020-11-30 23:15:37,088 [operator_Common.py] <函数:post>行数:19 -INFO- 执行post请求开始。。。。。。。。。。。。。
2020-11-30 23:15:37,171 [test_case.py] <函数:test_get_commonapi>行数:33 -INFO- 替换body中的空格换行特殊字符开始。。。。
2020-11-30 23:15:37,171 [test_case.py] <函数:test_get_commonapi>行数:36 -INFO- 转换存在可变变量开始。。。。
2020-11-30 23:15:37,171 [operator_Common.py] <函数:post>行数:19 -INFO- 执行post请求开始。。。。。。。。。。。。。
2020-11-30 23:15:37,260 [test_case.py] <函数:test_get_commonapi>行数:33 -INFO- 替换body中的空格换行特殊字符开始。。。。
2020-11-30 23:15:37,261 [test_case.py] <函数:test_get_commonapi>行数:36 -INFO- 转换存在可变变量开始。。。。
2020-11-30 23:15:37,261 [operator_Common.py] <函数:get>行数:28 -INFO- 执行get请求开始。。。。。。。。。。。。
2020-11-30 23:15:37,345 [test_case.py] <函数:test_get_commonapi>行数:33 -INFO- 替换body中的空格换行特殊字符开始。。。。
2020-11-30 23:15:37,345 [test_case.py] <函数:test_get_commonapi>行数:36 -INFO- 转换存在可变变量开始。。。。
2020-11-30 23:15:37,345 [convertoperator.py] <函数:convertBody>行数:18 -INFO- 找出存在可变变量区间块。。。。
2020-11-30 23:15:37,345 [convertoperator.py] <函数:convertBody>行数:25 -INFO- 分割字符串。。。。
2020-11-30 23:15:37,345 [convertoperator.py] <函数:convertBody>行数:25 -INFO- 分割字符串。。。。
2020-11-30 23:15:37,345 [convertoperator.py] <函数:convertBody>行数:31 -INFO- 找块中全局变量的名称。。。。
2020-11-30 23:15:37,346 [convertoperator.py] <函数:convertBody>行数:34 -INFO- 获取全局变量json值。。。。
2020-11-30 23:15:37,346 [convertoperator.py] <函数:convertBody>行数:38 -INFO- 获取块中jsonpath。。。。
2020-11-30 23:15:37,346 [convertoperator.py] <函数:convertBody>行数:44 -INFO- 由jsonpath从全局变量里面取值并替换变量块。。。。
2020-11-30 23:15:37,346 [convertoperator.py] <函数:convertBody>行数:25 -INFO- 分割字符串。。。。
2020-11-30 23:15:37,347 [operator_Common.py] <函数:get>行数:28 -INFO- 执行get请求开始。。。。。。。。。。。。
2020-11-30 23:15:37,431 [test_case.py] <函数:test_get_commonapi>行数:33 -INFO- 替换body中的空格换行特殊字符开始。。。。
2020-11-30 23:15:37,431 [test_case.py] <函数:test_get_commonapi>行数:36 -INFO- 转换存在可变变量开始。。。。
2020-11-30 23:15:37,432 [convertoperator.py] <函数:convertBody>行数:18 -INFO- 找出存在可变变量区间块。。。。
2020-11-30 23:15:37,432 [convertoperator.py] <函数:convertBody>行数:25 -INFO- 分割字符串。。。。
2020-11-30 23:15:37,432 [convertoperator.py] <函数:convertBody>行数:25 -INFO- 分割字符串。。。。
2020-11-30 23:15:37,432 [convertoperator.py] <函数:convertBody>行数:31 -INFO- 找块中全局变量的名称。。。。
2020-11-30 23:15:37,432 [convertoperator.py] <函数:convertBody>行数:34 -INFO- 获取全局变量json值。。。。
2020-11-30 23:15:37,432 [convertoperator.py] <函数:convertBody>行数:38 -INFO- 获取块中jsonpath。。。。
2020-11-30 23:15:37,432 [convertoperator.py] <函数:convertBody>行数:44 -INFO- 由jsonpath从全局变量里面取值并替换变量块。。。。
2020-11-30 23:15:37,432 [convertoperator.py] <函数:convertBody>行数:25 -INFO- 分割字符串。。。。
2020-11-30 23:15:37,433 [convertoperator.py] <函数:convertBody>行数:25 -INFO- 分割字符串。。。。
2020-11-30 23:15:37,433 [convertoperator.py] <函数:convertBody>行数:31 -INFO- 找块中全局变量的名称。。。。
2020-11-30 23:15:37,433 [convertoperator.py] <函数:convertBody>行数:34 -INFO- 获取全局变量json值。。。。
2020-11-30 23:15:37,433 [convertoperator.py] <函数:convertBody>行数:38 -INFO- 获取块中jsonpath。。。。
2020-11-30 23:15:37,433 [convertoperator.py] <函数:convertBody>行数:44 -INFO- 由jsonpath从全局变量里面取值并替换变量块。。。。
2020-11-30 23:15:37,433 [convertoperator.py] <函数:convertBody>行数:25 -INFO- 分割字符串。。。。
2020-11-30 23:15:37,433 [convertoperator.py] <函数:convertBody>行数:25 -INFO- 分割字符串。。。。
2020-11-30 23:15:37,433 [convertoperator.py] <函数:convertBody>行数:31 -INFO- 找块中全局变量的名称。。。。
2020-11-30 23:15:37,433 [convertoperator.py] <函数:convertBody>行数:34 -INFO- 获取全局变量json值。。。。
2020-11-30 23:15:37,433 [convertoperator.py] <函数:convertBody>行数:38 -INFO- 获取块中jsonpath。。。。
2020-11-30 23:15:37,434 [convertoperator.py] <函数:convertBody>行数:44 -INFO- 由jsonpath从全局变量里面取值并替换变量块。。。。
2020-11-30 23:15:37,434 [convertoperator.py] <函数:convertBody>行数:25 -INFO- 分割字符串。。。。
2020-11-30 23:15:37,434 [convertoperator.py] <函数:convertBody>行数:18 -INFO- 找出存在可变变量区间块。。。。
2020-11-30 23:15:37,434 [convertoperator.py] <函数:convertBody>行数:25 -INFO- 分割字符串。。。。
2020-11-30 23:15:37,434 [convertoperator.py] <函数:convertBody>行数:25 -INFO- 分割字符串。。。。
2020-11-30 23:15:37,434 [convertoperator.py] <函数:convertBody>行数:31 -INFO- 找块中全局变量的名称。。。。
2020-11-30 23:15:37,434 [convertoperator.py] <函数:convertBody>行数:34 -INFO- 获取全局变量json值。。。。
2020-11-30 23:15:37,434 [convertoperator.py] <函数:convertBody>行数:38 -INFO- 获取块中jsonpath。。。。
2020-11-30 23:15:37,434 [convertoperator.py] <函数:convertBody>行数:44 -INFO- 由jsonpath从全局变量里面取值并替换变量块。。。。
2020-11-30 23:15:37,435 [convertoperator.py] <函数:convertBody>行数:25 -INFO- 分割字符串。。。。
2020-11-30 23:15:37,435 [operator_Common.py] <函数:post>行数:19 -INFO- 执行post请求开始。。。。。。。。。。。。。
2020-11-30 23:15:37,531 [test_case.py] <函数:test_get_commonapi>行数:33 -INFO- 替换body中的空格换行特殊字符开始。。。。
2020-11-30 23:15:37,531 [test_case.py] <函数:test_get_commonapi>行数:36 -INFO- 转换存在可变变量开始。。。。
2020-11-30 23:15:37,531 [operator_Common.py] <函数:post>行数:19 -INFO- 执行post请求开始。。。。。。。。。。。。。
2020-11-30 23:15:37,631 [test_case.py] <函数:test_get_commonapi>行数:33 -INFO- 替换body中的空格换行特殊字符开始。。。。
2020-11-30 23:15:37,631 [test_case.py] <函数:test_get_commonapi>行数:36 -INFO- 转换存在可变变量开始。。。。
2020-11-30 23:15:37,632 [operator_Common.py] <函数:get>行数:28 -INFO- 执行get请求开始。。。。。。。。。。。。
2020-11-30 23:15:37,732 [test_case.py] <函数:test_get_commonapi>行数:33 -INFO- 替换body中的空格换行特殊字符开始。。。。
2020-11-30 23:15:37,732 [test_case.py] <函数:test_get_commonapi>行数:36 -INFO- 转换存在可变变量开始。。。。
2020-11-30 23:15:37,732 [convertoperator.py] <函数:convertBody>行数:18 -INFO- 找出存在可变变量区间块。。。。
2020-11-30 23:15:37,732 [convertoperator.py] <函数:convertBody>行数:25 -INFO- 分割字符串。。。。
2020-11-30 23:15:37,732 [convertoperator.py] <函数:convertBody>行数:25 -INFO- 分割字符串。。。。
2020-11-30 23:15:37,733 [convertoperator.py] <函数:convertBody>行数:31 -INFO- 找块中全局变量的名称。。。。
2020-11-30 23:15:37,733 [convertoperator.py] <函数:convertBody>行数:34 -INFO- 获取全局变量json值。。。。
2020-11-30 23:15:37,733 [convertoperator.py] <函数:convertBody>行数:38 -INFO- 获取块中jsonpath。。。。
2020-11-30 23:15:37,733 [convertoperator.py] <函数:convertBody>行数:44 -INFO- 由jsonpath从全局变量里面取值并替换变量块。。。。
2020-11-30 23:15:37,733 [convertoperator.py] <函数:convertBody>行数:25 -INFO- 分割字符串。。。。
2020-11-30 23:15:37,733 [operator_Common.py] <函数:get>行数:28 -INFO- 执行get请求开始。。。。。。。。。。。。
2020-11-30 23:15:37,838 [test_case.py] <函数:test_get_commonapi>行数:33 -INFO- 替换body中的空格换行特殊字符开始。。。。
2020-11-30 23:15:37,838 [test_case.py] <函数:test_get_commonapi>行数:36 -INFO- 转换存在可变变量开始。。。。
2020-11-30 23:15:37,838 [convertoperator.py] <函数:convertBody>行数:18 -INFO- 找出存在可变变量区间块。。。。
2020-11-30 23:15:37,838 [convertoperator.py] <函数:convertBody>行数:25 -INFO- 分割字符串。。。。
2020-11-30 23:15:37,838 [convertoperator.py] <函数:convertBody>行数:25 -INFO- 分割字符串。。。。
2020-11-30 23:15:37,838 [convertoperator.py] <函数:convertBody>行数:31 -INFO- 找块中全局变量的名称。。。。
2020-11-30 23:15:37,839 [convertoperator.py] <函数:convertBody>行数:34 -INFO- 获取全局变量json值。。。。
2020-11-30 23:15:37,839 [convertoperator.py] <函数:convertBody>行数:38 -INFO- 获取块中jsonpath。。。。
2020-11-30 23:15:37,839 [convertoperator.py] <函数:convertBody>行数:44 -INFO- 由jsonpath从全局变量里面取值并替换变量块。。。。
2020-11-30 23:15:37,839 [convertoperator.py] <函数:convertBody>行数:25 -INFO- 分割字符串。。。。
2020-11-30 23:15:37,839 [convertoperator.py] <函数:convertBody>行数:25 -INFO- 分割字符串。。。。
2020-11-30 23:15:37,839 [convertoperator.py] <函数:convertBody>行数:31 -INFO- 找块中全局变量的名称。。。。
2020-11-30 23:15:37,839 [convertoperator.py] <函数:convertBody>行数:34 -INFO- 获取全局变量json值。。。。
2020-11-30 23:15:37,840 [convertoperator.py] <函数:convertBody>行数:38 -INFO- 获取块中jsonpath。。。。
2020-11-30 23:15:37,840 [convertoperator.py] <函数:convertBody>行数:44 -INFO- 由jsonpath从全局变量里面取值并替换变量块。。。。
2020-11-30 23:15:37,840 [convertoperator.py] <函数:convertBody>行数:25 -INFO- 分割字符串。。。。
2020-11-30 23:15:37,840 [convertoperator.py] <函数:convertBody>行数:25 -INFO- 分割字符串。。。。
2020-11-30 23:15:37,840 [convertoperator.py] <函数:convertBody>行数:31 -INFO- 找块中全局变量的名称。。。。
2020-11-30 23:15:37,840 [convertoperator.py] <函数:convertBody>行数:34 -INFO- 获取全局变量json值。。。。
2020-11-30 23:15:37,840 [convertoperator.py] <函数:convertBody>行数:38 -INFO- 获取块中jsonpath。。。。
2020-11-30 23:15:37,841 [convertoperator.py] <函数:convertBody>行数:44 -INFO- 由jsonpath从全局变量里面取值并替换变量块。。。。
2020-11-30 23:15:37,841 [convertoperator.py] <函数:convertBody>行数:25 -INFO- 分割字符串。。。。
2020-11-30 23:15:37,841 [convertoperator.py] <函数:convertBody>行数:18 -INFO- 找出存在可变变量区间块。。。。
2020-11-30 23:15:37,841 [convertoperator.py] <函数:convertBody>行数:25 -INFO- 分割字符串。。。。
2020-11-30 23:15:37,841 [convertoperator.py] <函数:convertBody>行数:25 -INFO- 分割字符串。。。。
2020-11-30 23:15:37,841 [convertoperator.py] <函数:convertBody>行数:31 -INFO- 找块中全局变量的名称。。。。
2020-11-30 23:15:37,841 [convertoperator.py] <函数:convertBody>行数:34 -INFO- 获取全局变量json值。。。。
2020-11-30 23:15:37,841 [convertoperator.py] <函数:convertBody>行数:38 -INFO- 获取块中jsonpath。。。。
2020-11-30 23:15:37,841 [convertoperator.py] <函数:convertBody>行数:44 -INFO- 由jsonpath从全局变量里面取值并替换变量块。。。。
2020-11-30 23:15:37,842 [convertoperator.py] <函数:convertBody>行数:25 -INFO- 分割字符串。。。。
2020-11-30 23:15:37,842 [operator_Common.py] <函数:post>行数:19 -INFO- 执行post请求开始。。。。。。。。。。。。。
