2020-11-30 23:12:45,581 [operatorexcel.py] <函数:get_excel_data>行数:56 -INFO- 执行转换用例开始。。。。
2020-11-30 23:12:45,582 [operatorexcel.py] <函数:get_excel_data>行数:59 -INFO- 读取excel用例数据。。。。
2020-11-30 23:12:45,582 [operatorexcel.py] <函数:getExcel>行数:19 -INFO- 遍历用例目录读取用例excel开始。。。。。。。。。。。。。
2020-11-30 23:12:45,583 [operatorexcel.py] <函数:getExcel>行数:30 -INFO- F:\pywork\ApiAutoFramework\data\data1\case2.xlsx
2020-11-30 23:12:45,583 [operatorexcel.py] <函数:getExcel>行数:31 -INFO- 读取用例excel中sheet开始。。。。。。。。。。。。。
2020-11-30 23:12:45,615 [operatorexcel.py] <函数:getExcel>行数:30 -INFO- F:\pywork\ApiAutoFramework\data\data1\case22.xlsx
2020-11-30 23:12:45,616 [operatorexcel.py] <函数:getExcel>行数:31 -INFO- 读取用例excel中sheet开始。。。。。。。。。。。。。
2020-11-30 23:12:45,634 [operatorexcel.py] <函数:getExcel>行数:30 -INFO- F:\pywork\ApiAutoFramework\data\data2\case11.xlsx
2020-11-30 23:12:45,634 [operatorexcel.py] <函数:getExcel>行数:31 -INFO- 读取用例excel中sheet开始。。。。。。。。。。。。。
2020-11-30 23:12:45,655 [operatorexcel.py] <函数:getExcel>行数:52 -INFO- {'case2.xlsx': [['http://39.98.138.157:5000/api/login', '{"username":"admin","password":"123456"}', '{"content-type": "application/json"}', 'post', 'json', 'success,200', '$.msg,$.httpstatus', 'loginvar'], ['http://39.98.138.157:5000/api/getproductinfo?productid=8888', None, None, 'get', 'url', '8888', "$.data[0]['productid']", 'productvar'], ['http://39.98.138.157:5000/api/getuserinfo', None, '{"token": "$loginvar.token$"}', 'get', 'url', '17890,admin,4321', "$.data[0]['userid'],$.data[0]['username'],$.data[0]['userpoints']", 'uservar'], ['http://39.98.138.157:5000/api/addcart', '{"userid":$uservar.data[0].userid$,"openid":"$uservar.data[0].openid$","productid":$productvar.data[0].productid$}', '{"token": "$loginvar.token$","content-type": "application/json"}', 'post', 'json', 'success', '$.result', '/']], 'case22.xlsx': [['http://39.98.138.157:5000/api/login', '{"username":"admin","password":"123456"}', '{"content-type": "application/json"}', 'post', 'json', 'success', '$.msg', 'loginvar'], ['http://39.98.138.157:5000/api/getproductinfo?productid=8888', None, None, 'get', 'url', '8888', "$.data[0]['productid']", 'productvar'], ['http://39.98.138.157:5000/api/getuserinfo', None, '{"token": "$loginvar.token$"}', 'get', 'url', '17890', "$.data[0]['userid']", 'uservar'], ['http://39.98.138.157:5000/api/addcart', '{"userid":$uservar.data[0].userid$,"openid":"$uservar.data[0].openid$","productid":$productvar.data[0].productid$}', '{"token": "$loginvar.token$","content-type": "application/json"}', 'post', 'json', 'success', '$.result', '/']], 'case11.xlsx': [['http://39.98.138.157:5000/api/login', '{"username":"admin","password":"123456"}', '{"content-type": "application/json"}', 'post', 'json', 'success', '$.msg', 'loginvar'], ['http://39.98.138.157:5000/api/getproductinfo?productid=8888', None, None, 'get', 'url', '8888', "$.data[0]['productid']", 'productvar'], ['http://39.98.138.157:5000/api/getuserinfo', None, '{"token": "$loginvar.token$"}', 'get', 'url', '17890', "$.data[0]['userid']", 'uservar'], ['http://39.98.138.157:5000/api/addcart', '{"userid":$uservar.data[0].userid$,"openid":"$uservar.data[0].openid$","productid":$productvar.data[0].productid$}', '{"token": "$loginvar.token$","content-type": "application/json"}', 'post', 'json', 'success', '$.result', '/']]}
2020-11-30 23:12:45,656 [operatorexcel.py] <函数:get_excel_data>行数:61 -INFO- 循环读取excel中每行数据开始。。。。
2020-11-30 23:12:45,656 [operatorexcel.py] <函数:get_excel_data>行数:67 -INFO- excel用例数据读取完成。。。。
2020-11-30 23:12:45,656 [operatorexcel.py] <函数:get_excel_data>行数:68 -INFO- [['http://39.98.138.157:5000/api/login', '{"username":"admin","password":"123456"}', '{"content-type": "application/json"}', 'post', 'json', 'success,200', '$.msg,$.httpstatus', 'loginvar'], ['http://39.98.138.157:5000/api/getproductinfo?productid=8888', None, None, 'get', 'url', '8888', "$.data[0]['productid']", 'productvar'], ['http://39.98.138.157:5000/api/getuserinfo', None, '{"token": "$loginvar.token$"}', 'get', 'url', '17890,admin,4321', "$.data[0]['userid'],$.data[0]['username'],$.data[0]['userpoints']", 'uservar'], ['http://39.98.138.157:5000/api/addcart', '{"userid":$uservar.data[0].userid$,"openid":"$uservar.data[0].openid$","productid":$productvar.data[0].productid$}', '{"token": "$loginvar.token$","content-type": "application/json"}', 'post', 'json', 'success', '$.result', '/'], ['http://39.98.138.157:5000/api/login', '{"username":"admin","password":"123456"}', '{"content-type": "application/json"}', 'post', 'json', 'success', '$.msg', 'loginvar'], ['http://39.98.138.157:5000/api/getproductinfo?productid=8888', None, None, 'get', 'url', '8888', "$.data[0]['productid']", 'productvar'], ['http://39.98.138.157:5000/api/getuserinfo', None, '{"token": "$loginvar.token$"}', 'get', 'url', '17890', "$.data[0]['userid']", 'uservar'], ['http://39.98.138.157:5000/api/addcart', '{"userid":$uservar.data[0].userid$,"openid":"$uservar.data[0].openid$","productid":$productvar.data[0].productid$}', '{"token": "$loginvar.token$","content-type": "application/json"}', 'post', 'json', 'success', '$.result', '/'], ['http://39.98.138.157:5000/api/login', '{"username":"admin","password":"123456"}', '{"content-type": "application/json"}', 'post', 'json', 'success', '$.msg', 'loginvar'], ['http://39.98.138.157:5000/api/getproductinfo?productid=8888', None, None, 'get', 'url', '8888', "$.data[0]['productid']", 'productvar'], ['http://39.98.138.157:5000/api/getuserinfo', None, '{"token": "$loginvar.token$"}', 'get', 'url', '17890', "$.data[0]['userid']", 'uservar'], ['http://39.98.138.157:5000/api/addcart', '{"userid":$uservar.data[0].userid$,"openid":"$uservar.data[0].openid$","productid":$productvar.data[0].productid$}', '{"token": "$loginvar.token$","content-type": "application/json"}', 'post', 'json', 'success', '$.result', '/']]
2020-11-30 23:12:45,664 [test_case1.py] <函数:test_get_commonapi>行数:32 -INFO- 替换body中的空格换行特殊字符开始。。。。
2020-11-30 23:12:45,664 [operator_Common.py] <函数:post>行数:19 -INFO- 执行post请求开始。。。。。。。。。。。。。
2020-11-30 23:12:45,769 [test_case1.py] <函数:test_get_commonapi>行数:32 -INFO- 替换body中的空格换行特殊字符开始。。。。
2020-11-30 23:12:45,769 [operator_Common.py] <函数:get>行数:28 -INFO- 执行get请求开始。。。。。。。。。。。。
2020-11-30 23:12:45,870 [test_case1.py] <函数:test_get_commonapi>行数:32 -INFO- 替换body中的空格换行特殊字符开始。。。。
2020-11-30 23:12:45,870 [convertoperator.py] <函数:convertBody>行数:18 -INFO- 找出存在可变变量区间块。。。。
2020-11-30 23:12:45,871 [convertoperator.py] <函数:convertBody>行数:25 -INFO- 分割字符串。。。。
2020-11-30 23:12:45,871 [convertoperator.py] <函数:convertBody>行数:25 -INFO- 分割字符串。。。。
2020-11-30 23:12:45,871 [convertoperator.py] <函数:convertBody>行数:31 -INFO- 找块中全局变量的名称。。。。
2020-11-30 23:12:45,871 [convertoperator.py] <函数:convertBody>行数:34 -INFO- 获取全局变量json值。。。。
2020-11-30 23:12:45,871 [convertoperator.py] <函数:convertBody>行数:38 -INFO- 获取块中jsonpath。。。。
2020-11-30 23:12:45,871 [convertoperator.py] <函数:convertBody>行数:44 -INFO- 由jsonpath从全局变量里面取值并替换变量块。。。。
2020-11-30 23:12:45,871 [convertoperator.py] <函数:convertBody>行数:25 -INFO- 分割字符串。。。。
2020-11-30 23:12:45,872 [operator_Common.py] <函数:get>行数:28 -INFO- 执行get请求开始。。。。。。。。。。。。
2020-11-30 23:12:45,973 [test_case1.py] <函数:test_get_commonapi>行数:32 -INFO- 替换body中的空格换行特殊字符开始。。。。
2020-11-30 23:12:45,973 [convertoperator.py] <函数:convertBody>行数:18 -INFO- 找出存在可变变量区间块。。。。
2020-11-30 23:12:45,973 [convertoperator.py] <函数:convertBody>行数:25 -INFO- 分割字符串。。。。
2020-11-30 23:12:45,974 [convertoperator.py] <函数:convertBody>行数:25 -INFO- 分割字符串。。。。
2020-11-30 23:12:45,974 [convertoperator.py] <函数:convertBody>行数:31 -INFO- 找块中全局变量的名称。。。。
2020-11-30 23:12:45,974 [convertoperator.py] <函数:convertBody>行数:34 -INFO- 获取全局变量json值。。。。
2020-11-30 23:12:45,974 [convertoperator.py] <函数:convertBody>行数:38 -INFO- 获取块中jsonpath。。。。
2020-11-30 23:12:45,975 [convertoperator.py] <函数:convertBody>行数:44 -INFO- 由jsonpath从全局变量里面取值并替换变量块。。。。
2020-11-30 23:12:45,975 [convertoperator.py] <函数:convertBody>行数:25 -INFO- 分割字符串。。。。
2020-11-30 23:12:45,975 [convertoperator.py] <函数:convertBody>行数:25 -INFO- 分割字符串。。。。
2020-11-30 23:12:45,975 [convertoperator.py] <函数:convertBody>行数:31 -INFO- 找块中全局变量的名称。。。。
2020-11-30 23:12:45,975 [convertoperator.py] <函数:convertBody>行数:34 -INFO- 获取全局变量json值。。。。
2020-11-30 23:12:45,975 [convertoperator.py] <函数:convertBody>行数:38 -INFO- 获取块中jsonpath。。。。
2020-11-30 23:12:45,975 [convertoperator.py] <函数:convertBody>行数:44 -INFO- 由jsonpath从全局变量里面取值并替换变量块。。。。
2020-11-30 23:12:45,975 [convertoperator.py] <函数:convertBody>行数:25 -INFO- 分割字符串。。。。
2020-11-30 23:12:45,975 [convertoperator.py] <函数:convertBody>行数:25 -INFO- 分割字符串。。。。
2020-11-30 23:12:45,976 [convertoperator.py] <函数:convertBody>行数:31 -INFO- 找块中全局变量的名称。。。。
2020-11-30 23:12:45,976 [convertoperator.py] <函数:convertBody>行数:34 -INFO- 获取全局变量json值。。。。
2020-11-30 23:12:45,976 [convertoperator.py] <函数:convertBody>行数:38 -INFO- 获取块中jsonpath。。。。
2020-11-30 23:12:45,976 [convertoperator.py] <函数:convertBody>行数:44 -INFO- 由jsonpath从全局变量里面取值并替换变量块。。。。
2020-11-30 23:12:45,976 [convertoperator.py] <函数:convertBody>行数:25 -INFO- 分割字符串。。。。
2020-11-30 23:12:45,976 [convertoperator.py] <函数:convertBody>行数:18 -INFO- 找出存在可变变量区间块。。。。
2020-11-30 23:12:45,976 [convertoperator.py] <函数:convertBody>行数:25 -INFO- 分割字符串。。。。
2020-11-30 23:12:45,976 [convertoperator.py] <函数:convertBody>行数:25 -INFO- 分割字符串。。。。
2020-11-30 23:12:45,976 [convertoperator.py] <函数:convertBody>行数:31 -INFO- 找块中全局变量的名称。。。。
2020-11-30 23:12:45,977 [convertoperator.py] <函数:convertBody>行数:34 -INFO- 获取全局变量json值。。。。
2020-11-30 23:12:45,977 [convertoperator.py] <函数:convertBody>行数:38 -INFO- 获取块中jsonpath。。。。
2020-11-30 23:12:45,977 [convertoperator.py] <函数:convertBody>行数:44 -INFO- 由jsonpath从全局变量里面取值并替换变量块。。。。
2020-11-30 23:12:45,977 [convertoperator.py] <函数:convertBody>行数:25 -INFO- 分割字符串。。。。
2020-11-30 23:12:45,977 [operator_Common.py] <函数:post>行数:19 -INFO- 执行post请求开始。。。。。。。。。。。。。
2020-11-30 23:12:46,074 [test_case1.py] <函数:test_get_commonapi>行数:32 -INFO- 替换body中的空格换行特殊字符开始。。。。
2020-11-30 23:12:46,075 [operator_Common.py] <函数:post>行数:19 -INFO- 执行post请求开始。。。。。。。。。。。。。
2020-11-30 23:12:46,172 [test_case1.py] <函数:test_get_commonapi>行数:32 -INFO- 替换body中的空格换行特殊字符开始。。。。
2020-11-30 23:12:46,172 [operator_Common.py] <函数:get>行数:28 -INFO- 执行get请求开始。。。。。。。。。。。。
2020-11-30 23:12:46,269 [test_case1.py] <函数:test_get_commonapi>行数:32 -INFO- 替换body中的空格换行特殊字符开始。。。。
2020-11-30 23:12:46,270 [convertoperator.py] <函数:convertBody>行数:18 -INFO- 找出存在可变变量区间块。。。。
2020-11-30 23:12:46,270 [convertoperator.py] <函数:convertBody>行数:25 -INFO- 分割字符串。。。。
2020-11-30 23:12:46,270 [convertoperator.py] <函数:convertBody>行数:25 -INFO- 分割字符串。。。。
2020-11-30 23:12:46,270 [convertoperator.py] <函数:convertBody>行数:31 -INFO- 找块中全局变量的名称。。。。
2020-11-30 23:12:46,270 [convertoperator.py] <函数:convertBody>行数:34 -INFO- 获取全局变量json值。。。。
2020-11-30 23:12:46,270 [convertoperator.py] <函数:convertBody>行数:38 -INFO- 获取块中jsonpath。。。。
2020-11-30 23:12:46,270 [convertoperator.py] <函数:convertBody>行数:44 -INFO- 由jsonpath从全局变量里面取值并替换变量块。。。。
2020-11-30 23:12:46,270 [convertoperator.py] <函数:convertBody>行数:25 -INFO- 分割字符串。。。。
2020-11-30 23:12:46,270 [operator_Common.py] <函数:get>行数:28 -INFO- 执行get请求开始。。。。。。。。。。。。
2020-11-30 23:12:46,370 [test_case1.py] <函数:test_get_commonapi>行数:32 -INFO- 替换body中的空格换行特殊字符开始。。。。
2020-11-30 23:12:46,371 [convertoperator.py] <函数:convertBody>行数:18 -INFO- 找出存在可变变量区间块。。。。
2020-11-30 23:12:46,371 [convertoperator.py] <函数:convertBody>行数:25 -INFO- 分割字符串。。。。
2020-11-30 23:12:46,371 [convertoperator.py] <函数:convertBody>行数:25 -INFO- 分割字符串。。。。
2020-11-30 23:12:46,371 [convertoperator.py] <函数:convertBody>行数:31 -INFO- 找块中全局变量的名称。。。。
2020-11-30 23:12:46,371 [convertoperator.py] <函数:convertBody>行数:34 -INFO- 获取全局变量json值。。。。
2020-11-30 23:12:46,371 [convertoperator.py] <函数:convertBody>行数:38 -INFO- 获取块中jsonpath。。。。
2020-11-30 23:12:46,371 [convertoperator.py] <函数:convertBody>行数:44 -INFO- 由jsonpath从全局变量里面取值并替换变量块。。。。
2020-11-30 23:12:46,371 [convertoperator.py] <函数:convertBody>行数:25 -INFO- 分割字符串。。。。
2020-11-30 23:12:46,372 [convertoperator.py] <函数:convertBody>行数:25 -INFO- 分割字符串。。。。
2020-11-30 23:12:46,372 [convertoperator.py] <函数:convertBody>行数:31 -INFO- 找块中全局变量的名称。。。。
2020-11-30 23:12:46,372 [convertoperator.py] <函数:convertBody>行数:34 -INFO- 获取全局变量json值。。。。
2020-11-30 23:12:46,372 [convertoperator.py] <函数:convertBody>行数:38 -INFO- 获取块中jsonpath。。。。
2020-11-30 23:12:46,372 [convertoperator.py] <函数:convertBody>行数:44 -INFO- 由jsonpath从全局变量里面取值并替换变量块。。。。
2020-11-30 23:12:46,372 [convertoperator.py] <函数:convertBody>行数:25 -INFO- 分割字符串。。。。
2020-11-30 23:12:46,372 [convertoperator.py] <函数:convertBody>行数:25 -INFO- 分割字符串。。。。
2020-11-30 23:12:46,372 [convertoperator.py] <函数:convertBody>行数:31 -INFO- 找块中全局变量的名称。。。。
2020-11-30 23:12:46,372 [convertoperator.py] <函数:convertBody>行数:34 -INFO- 获取全局变量json值。。。。
2020-11-30 23:12:46,372 [convertoperator.py] <函数:convertBody>行数:38 -INFO- 获取块中jsonpath。。。。
2020-11-30 23:12:46,373 [convertoperator.py] <函数:convertBody>行数:44 -INFO- 由jsonpath从全局变量里面取值并替换变量块。。。。
2020-11-30 23:12:46,373 [convertoperator.py] <函数:convertBody>行数:25 -INFO- 分割字符串。。。。
2020-11-30 23:12:46,373 [convertoperator.py] <函数:convertBody>行数:18 -INFO- 找出存在可变变量区间块。。。。
2020-11-30 23:12:46,373 [convertoperator.py] <函数:convertBody>行数:25 -INFO- 分割字符串。。。。
2020-11-30 23:12:46,373 [convertoperator.py] <函数:convertBody>行数:25 -INFO- 分割字符串。。。。
2020-11-30 23:12:46,373 [convertoperator.py] <函数:convertBody>行数:31 -INFO- 找块中全局变量的名称。。。。
2020-11-30 23:12:46,373 [convertoperator.py] <函数:convertBody>行数:34 -INFO- 获取全局变量json值。。。。
2020-11-30 23:12:46,373 [convertoperator.py] <函数:convertBody>行数:38 -INFO- 获取块中jsonpath。。。。
2020-11-30 23:12:46,373 [convertoperator.py] <函数:convertBody>行数:44 -INFO- 由jsonpath从全局变量里面取值并替换变量块。。。。
2020-11-30 23:12:46,374 [convertoperator.py] <函数:convertBody>行数:25 -INFO- 分割字符串。。。。
2020-11-30 23:12:46,374 [operator_Common.py] <函数:post>行数:19 -INFO- 执行post请求开始。。。。。。。。。。。。。
2020-11-30 23:12:46,460 [test_case1.py] <函数:test_get_commonapi>行数:32 -INFO- 替换body中的空格换行特殊字符开始。。。。
2020-11-30 23:12:46,460 [operator_Common.py] <函数:post>行数:19 -INFO- 执行post请求开始。。。。。。。。。。。。。
2020-11-30 23:12:46,547 [test_case1.py] <函数:test_get_commonapi>行数:32 -INFO- 替换body中的空格换行特殊字符开始。。。。
2020-11-30 23:12:46,547 [operator_Common.py] <函数:get>行数:28 -INFO- 执行get请求开始。。。。。。。。。。。。
2020-11-30 23:12:46,635 [test_case1.py] <函数:test_get_commonapi>行数:32 -INFO- 替换body中的空格换行特殊字符开始。。。。
2020-11-30 23:12:46,635 [convertoperator.py] <函数:convertBody>行数:18 -INFO- 找出存在可变变量区间块。。。。
2020-11-30 23:12:46,635 [convertoperator.py] <函数:convertBody>行数:25 -INFO- 分割字符串。。。。
2020-11-30 23:12:46,635 [convertoperator.py] <函数:convertBody>行数:25 -INFO- 分割字符串。。。。
2020-11-30 23:12:46,635 [convertoperator.py] <函数:convertBody>行数:31 -INFO- 找块中全局变量的名称。。。。
2020-11-30 23:12:46,636 [convertoperator.py] <函数:convertBody>行数:34 -INFO- 获取全局变量json值。。。。
2020-11-30 23:12:46,636 [convertoperator.py] <函数:convertBody>行数:38 -INFO- 获取块中jsonpath。。。。
2020-11-30 23:12:46,636 [convertoperator.py] <函数:convertBody>行数:44 -INFO- 由jsonpath从全局变量里面取值并替换变量块。。。。
2020-11-30 23:12:46,636 [convertoperator.py] <函数:convertBody>行数:25 -INFO- 分割字符串。。。。
2020-11-30 23:12:46,636 [operator_Common.py] <函数:get>行数:28 -INFO- 执行get请求开始。。。。。。。。。。。。
2020-11-30 23:12:46,725 [test_case1.py] <函数:test_get_commonapi>行数:32 -INFO- 替换body中的空格换行特殊字符开始。。。。
2020-11-30 23:12:46,725 [convertoperator.py] <函数:convertBody>行数:18 -INFO- 找出存在可变变量区间块。。。。
2020-11-30 23:12:46,725 [convertoperator.py] <函数:convertBody>行数:25 -INFO- 分割字符串。。。。
2020-11-30 23:12:46,725 [convertoperator.py] <函数:convertBody>行数:25 -INFO- 分割字符串。。。。
2020-11-30 23:12:46,725 [convertoperator.py] <函数:convertBody>行数:31 -INFO- 找块中全局变量的名称。。。。
2020-11-30 23:12:46,725 [convertoperator.py] <函数:convertBody>行数:34 -INFO- 获取全局变量json值。。。。
2020-11-30 23:12:46,726 [convertoperator.py] <函数:convertBody>行数:38 -INFO- 获取块中jsonpath。。。。
2020-11-30 23:12:46,726 [convertoperator.py] <函数:convertBody>行数:44 -INFO- 由jsonpath从全局变量里面取值并替换变量块。。。。
2020-11-30 23:12:46,726 [convertoperator.py] <函数:convertBody>行数:25 -INFO- 分割字符串。。。。
2020-11-30 23:12:46,726 [convertoperator.py] <函数:convertBody>行数:25 -INFO- 分割字符串。。。。
2020-11-30 23:12:46,726 [convertoperator.py] <函数:convertBody>行数:31 -INFO- 找块中全局变量的名称。。。。
2020-11-30 23:12:46,726 [convertoperator.py] <函数:convertBody>行数:34 -INFO- 获取全局变量json值。。。。
2020-11-30 23:12:46,726 [convertoperator.py] <函数:convertBody>行数:38 -INFO- 获取块中jsonpath。。。。
2020-11-30 23:12:46,726 [convertoperator.py] <函数:convertBody>行数:44 -INFO- 由jsonpath从全局变量里面取值并替换变量块。。。。
2020-11-30 23:12:46,726 [convertoperator.py] <函数:convertBody>行数:25 -INFO- 分割字符串。。。。
2020-11-30 23:12:46,726 [convertoperator.py] <函数:convertBody>行数:25 -INFO- 分割字符串。。。。
2020-11-30 23:12:46,727 [convertoperator.py] <函数:convertBody>行数:31 -INFO- 找块中全局变量的名称。。。。
2020-11-30 23:12:46,727 [convertoperator.py] <函数:convertBody>行数:34 -INFO- 获取全局变量json值。。。。
2020-11-30 23:12:46,727 [convertoperator.py] <函数:convertBody>行数:38 -INFO- 获取块中jsonpath。。。。
2020-11-30 23:12:46,727 [convertoperator.py] <函数:convertBody>行数:44 -INFO- 由jsonpath从全局变量里面取值并替换变量块。。。。
2020-11-30 23:12:46,727 [convertoperator.py] <函数:convertBody>行数:25 -INFO- 分割字符串。。。。
2020-11-30 23:12:46,727 [convertoperator.py] <函数:convertBody>行数:18 -INFO- 找出存在可变变量区间块。。。。
2020-11-30 23:12:46,727 [convertoperator.py] <函数:convertBody>行数:25 -INFO- 分割字符串。。。。
2020-11-30 23:12:46,727 [convertoperator.py] <函数:convertBody>行数:25 -INFO- 分割字符串。。。。
2020-11-30 23:12:46,727 [convertoperator.py] <函数:convertBody>行数:31 -INFO- 找块中全局变量的名称。。。。
2020-11-30 23:12:46,728 [convertoperator.py] <函数:convertBody>行数:34 -INFO- 获取全局变量json值。。。。
2020-11-30 23:12:46,728 [convertoperator.py] <函数:convertBody>行数:38 -INFO- 获取块中jsonpath。。。。
2020-11-30 23:12:46,728 [convertoperator.py] <函数:convertBody>行数:44 -INFO- 由jsonpath从全局变量里面取值并替换变量块。。。。
2020-11-30 23:12:46,728 [convertoperator.py] <函数:convertBody>行数:25 -INFO- 分割字符串。。。。
2020-11-30 23:12:46,728 [operator_Common.py] <函数:post>行数:19 -INFO- 执行post请求开始。。。。。。。。。。。。。
