2020-11-30 23:13:51,327 [operatorexcel.py] <函数:get_excel_data>行数:56 -INFO- 执行转换用例开始。。。。
2020-11-30 23:13:51,327 [operatorexcel.py] <函数:get_excel_data>行数:59 -INFO- 读取excel用例数据。。。。
2020-11-30 23:13:51,327 [operatorexcel.py] <函数:getExcel>行数:19 -INFO- 遍历用例目录读取用例excel开始。。。。。。。。。。。。。
2020-11-30 23:13:51,328 [operatorexcel.py] <函数:getExcel>行数:30 -INFO- F:\pywork\ApiAutoFramework\data\data1\case2.xlsx
2020-11-30 23:13:51,328 [operatorexcel.py] <函数:getExcel>行数:31 -INFO- 读取用例excel中sheet开始。。。。。。。。。。。。。
2020-11-30 23:13:51,369 [operatorexcel.py] <函数:getExcel>行数:30 -INFO- F:\pywork\ApiAutoFramework\data\data1\case22.xlsx
2020-11-30 23:13:51,370 [operatorexcel.py] <函数:getExcel>行数:31 -INFO- 读取用例excel中sheet开始。。。。。。。。。。。。。
2020-11-30 23:13:51,388 [operatorexcel.py] <函数:getExcel>行数:30 -INFO- F:\pywork\ApiAutoFramework\data\data2\case11.xlsx
2020-11-30 23:13:51,388 [operatorexcel.py] <函数:getExcel>行数:31 -INFO- 读取用例excel中sheet开始。。。。。。。。。。。。。
2020-11-30 23:13:51,407 [operatorexcel.py] <函数:getExcel>行数:52 -INFO- {'case2.xlsx': [['http://39.98.138.157:5000/api/login', '{"username":"admin","password":"123456"}', '{"content-type": "application/json"}', 'post', 'json', 'success,200', '$.msg,$.httpstatus', 'loginvar'], ['http://39.98.138.157:5000/api/getproductinfo?productid=8888', None, None, 'get', 'url', '8888', "$.data[0]['productid']", 'productvar'], ['http://39.98.138.157:5000/api/getuserinfo', None, '{"token": "$loginvar.token$"}', 'get', 'url', '17890,admin,4321', "$.data[0]['userid'],$.data[0]['username'],$.data[0]['userpoints']", 'uservar'], ['http://39.98.138.157:5000/api/addcart', '{"userid":$uservar.data[0].userid$,"openid":"$uservar.data[0].openid$","productid":$productvar.data[0].productid$}', '{"token": "$loginvar.token$","content-type": "application/json"}', 'post', 'json', 'success', '$.result', '/']], 'case22.xlsx': [['http://39.98.138.157:5000/api/login', '{"username":"admin","password":"123456"}', '{"content-type": "application/json"}', 'post', 'json', 'success', '$.msg', 'loginvar'], ['http://39.98.138.157:5000/api/getproductinfo?productid=8888', None, None, 'get', 'url', '8888', "$.data[0]['productid']", 'productvar'], ['http://39.98.138.157:5000/api/getuserinfo', None, '{"token": "$loginvar.token$"}', 'get', 'url', '17890', "$.data[0]['userid']", 'uservar'], ['http://39.98.138.157:5000/api/addcart', '{"userid":$uservar.data[0].userid$,"openid":"$uservar.data[0].openid$","productid":$productvar.data[0].productid$}', '{"token": "$loginvar.token$","content-type": "application/json"}', 'post', 'json', 'success', '$.result', '/']], 'case11.xlsx': [['http://39.98.138.157:5000/api/login', '{"username":"admin","password":"123456"}', '{"content-type": "application/json"}', 'post', 'json', 'success', '$.msg', 'loginvar'], ['http://39.98.138.157:5000/api/getproductinfo?productid=8888', None, None, 'get', 'url', '8888', "$.data[0]['productid']", 'productvar'], ['http://39.98.138.157:5000/api/getuserinfo', None, '{"token": "$loginvar.token$"}', 'get', 'url', '17890', "$.data[0]['userid']", 'uservar'], ['http://39.98.138.157:5000/api/addcart', '{"userid":$uservar.data[0].userid$,"openid":"$uservar.data[0].openid$","productid":$productvar.data[0].productid$}', '{"token": "$loginvar.token$","content-type": "application/json"}', 'post', 'json', 'success', '$.result', '/']]}
2020-11-30 23:13:51,408 [operatorexcel.py] <函数:get_excel_data>行数:61 -INFO- 循环读取excel中每行数据开始。。。。
2020-11-30 23:13:51,408 [operatorexcel.py] <函数:get_excel_data>行数:67 -INFO- excel用例数据读取完成。。。。
2020-11-30 23:13:51,408 [operatorexcel.py] <函数:get_excel_data>行数:68 -INFO- [['http://39.98.138.157:5000/api/login', '{"username":"admin","password":"123456"}', '{"content-type": "application/json"}', 'post', 'json', 'success,200', '$.msg,$.httpstatus', 'loginvar'], ['http://39.98.138.157:5000/api/getproductinfo?productid=8888', None, None, 'get', 'url', '8888', "$.data[0]['productid']", 'productvar'], ['http://39.98.138.157:5000/api/getuserinfo', None, '{"token": "$loginvar.token$"}', 'get', 'url', '17890,admin,4321', "$.data[0]['userid'],$.data[0]['username'],$.data[0]['userpoints']", 'uservar'], ['http://39.98.138.157:5000/api/addcart', '{"userid":$uservar.data[0].userid$,"openid":"$uservar.data[0].openid$","productid":$productvar.data[0].productid$}', '{"token": "$loginvar.token$","content-type": "application/json"}', 'post', 'json', 'success', '$.result', '/'], ['http://39.98.138.157:5000/api/login', '{"username":"admin","password":"123456"}', '{"content-type": "application/json"}', 'post', 'json', 'success', '$.msg', 'loginvar'], ['http://39.98.138.157:5000/api/getproductinfo?productid=8888', None, None, 'get', 'url', '8888', "$.data[0]['productid']", 'productvar'], ['http://39.98.138.157:5000/api/getuserinfo', None, '{"token": "$loginvar.token$"}', 'get', 'url', '17890', "$.data[0]['userid']", 'uservar'], ['http://39.98.138.157:5000/api/addcart', '{"userid":$uservar.data[0].userid$,"openid":"$uservar.data[0].openid$","productid":$productvar.data[0].productid$}', '{"token": "$loginvar.token$","content-type": "application/json"}', 'post', 'json', 'success', '$.result', '/'], ['http://39.98.138.157:5000/api/login', '{"username":"admin","password":"123456"}', '{"content-type": "application/json"}', 'post', 'json', 'success', '$.msg', 'loginvar'], ['http://39.98.138.157:5000/api/getproductinfo?productid=8888', None, None, 'get', 'url', '8888', "$.data[0]['productid']", 'productvar'], ['http://39.98.138.157:5000/api/getuserinfo', None, '{"token": "$loginvar.token$"}', 'get', 'url', '17890', "$.data[0]['userid']", 'uservar'], ['http://39.98.138.157:5000/api/addcart', '{"userid":$uservar.data[0].userid$,"openid":"$uservar.data[0].openid$","productid":$productvar.data[0].productid$}', '{"token": "$loginvar.token$","content-type": "application/json"}', 'post', 'json', 'success', '$.result', '/']]
2020-11-30 23:13:51,416 [test_case.py] <函数:test_get_commonapi>行数:33 -INFO- 替换body中的空格换行特殊字符开始。。。。
2020-11-30 23:13:51,417 [test_case.py] <函数:test_get_commonapi>行数:36 -INFO- 转换存在可变变量开始。。。。
2020-11-30 23:13:51,417 [operator_Common.py] <函数:post>行数:19 -INFO- 执行post请求开始。。。。。。。。。。。。。
2020-11-30 23:13:51,949 [test_case.py] <函数:test_get_commonapi>行数:33 -INFO- 替换body中的空格换行特殊字符开始。。。。
2020-11-30 23:13:51,949 [test_case.py] <函数:test_get_commonapi>行数:36 -INFO- 转换存在可变变量开始。。。。
2020-11-30 23:13:51,949 [operator_Common.py] <函数:get>行数:28 -INFO- 执行get请求开始。。。。。。。。。。。。
2020-11-30 23:13:52,051 [test_case.py] <函数:test_get_commonapi>行数:33 -INFO- 替换body中的空格换行特殊字符开始。。。。
2020-11-30 23:13:52,052 [test_case.py] <函数:test_get_commonapi>行数:36 -INFO- 转换存在可变变量开始。。。。
2020-11-30 23:13:52,052 [convertoperator.py] <函数:convertBody>行数:18 -INFO- 找出存在可变变量区间块。。。。
2020-11-30 23:13:52,052 [convertoperator.py] <函数:convertBody>行数:25 -INFO- 分割字符串。。。。
2020-11-30 23:13:52,052 [convertoperator.py] <函数:convertBody>行数:25 -INFO- 分割字符串。。。。
2020-11-30 23:13:52,052 [convertoperator.py] <函数:convertBody>行数:31 -INFO- 找块中全局变量的名称。。。。
2020-11-30 23:13:52,052 [convertoperator.py] <函数:convertBody>行数:34 -INFO- 获取全局变量json值。。。。
2020-11-30 23:13:52,053 [convertoperator.py] <函数:convertBody>行数:38 -INFO- 获取块中jsonpath。。。。
2020-11-30 23:13:52,053 [convertoperator.py] <函数:convertBody>行数:44 -INFO- 由jsonpath从全局变量里面取值并替换变量块。。。。
2020-11-30 23:13:52,053 [convertoperator.py] <函数:convertBody>行数:25 -INFO- 分割字符串。。。。
2020-11-30 23:13:52,053 [operator_Common.py] <函数:get>行数:28 -INFO- 执行get请求开始。。。。。。。。。。。。
2020-11-30 23:13:52,332 [test_case.py] <函数:test_get_commonapi>行数:33 -INFO- 替换body中的空格换行特殊字符开始。。。。
2020-11-30 23:13:52,333 [test_case.py] <函数:test_get_commonapi>行数:36 -INFO- 转换存在可变变量开始。。。。
2020-11-30 23:13:52,333 [convertoperator.py] <函数:convertBody>行数:18 -INFO- 找出存在可变变量区间块。。。。
2020-11-30 23:13:52,333 [convertoperator.py] <函数:convertBody>行数:25 -INFO- 分割字符串。。。。
2020-11-30 23:13:52,333 [convertoperator.py] <函数:convertBody>行数:25 -INFO- 分割字符串。。。。
2020-11-30 23:13:52,333 [convertoperator.py] <函数:convertBody>行数:31 -INFO- 找块中全局变量的名称。。。。
2020-11-30 23:13:52,333 [convertoperator.py] <函数:convertBody>行数:34 -INFO- 获取全局变量json值。。。。
2020-11-30 23:13:52,333 [convertoperator.py] <函数:convertBody>行数:38 -INFO- 获取块中jsonpath。。。。
2020-11-30 23:13:52,333 [convertoperator.py] <函数:convertBody>行数:44 -INFO- 由jsonpath从全局变量里面取值并替换变量块。。。。
2020-11-30 23:13:52,333 [convertoperator.py] <函数:convertBody>行数:25 -INFO- 分割字符串。。。。
2020-11-30 23:13:52,333 [convertoperator.py] <函数:convertBody>行数:25 -INFO- 分割字符串。。。。
2020-11-30 23:13:52,333 [convertoperator.py] <函数:convertBody>行数:31 -INFO- 找块中全局变量的名称。。。。
2020-11-30 23:13:52,334 [convertoperator.py] <函数:convertBody>行数:34 -INFO- 获取全局变量json值。。。。
2020-11-30 23:13:52,334 [convertoperator.py] <函数:convertBody>行数:38 -INFO- 获取块中jsonpath。。。。
2020-11-30 23:13:52,334 [convertoperator.py] <函数:convertBody>行数:44 -INFO- 由jsonpath从全局变量里面取值并替换变量块。。。。
2020-11-30 23:13:52,334 [convertoperator.py] <函数:convertBody>行数:25 -INFO- 分割字符串。。。。
2020-11-30 23:13:52,334 [convertoperator.py] <函数:convertBody>行数:25 -INFO- 分割字符串。。。。
2020-11-30 23:13:52,334 [convertoperator.py] <函数:convertBody>行数:31 -INFO- 找块中全局变量的名称。。。。
2020-11-30 23:13:52,334 [convertoperator.py] <函数:convertBody>行数:34 -INFO- 获取全局变量json值。。。。
2020-11-30 23:13:52,334 [convertoperator.py] <函数:convertBody>行数:38 -INFO- 获取块中jsonpath。。。。
2020-11-30 23:13:52,334 [convertoperator.py] <函数:convertBody>行数:44 -INFO- 由jsonpath从全局变量里面取值并替换变量块。。。。
2020-11-30 23:13:52,334 [convertoperator.py] <函数:convertBody>行数:25 -INFO- 分割字符串。。。。
2020-11-30 23:13:52,336 [convertoperator.py] <函数:convertBody>行数:18 -INFO- 找出存在可变变量区间块。。。。
2020-11-30 23:13:52,336 [convertoperator.py] <函数:convertBody>行数:25 -INFO- 分割字符串。。。。
2020-11-30 23:13:52,336 [convertoperator.py] <函数:convertBody>行数:25 -INFO- 分割字符串。。。。
2020-11-30 23:13:52,336 [convertoperator.py] <函数:convertBody>行数:31 -INFO- 找块中全局变量的名称。。。。
2020-11-30 23:13:52,336 [convertoperator.py] <函数:convertBody>行数:34 -INFO- 获取全局变量json值。。。。
2020-11-30 23:13:52,336 [convertoperator.py] <函数:convertBody>行数:38 -INFO- 获取块中jsonpath。。。。
2020-11-30 23:13:52,336 [convertoperator.py] <函数:convertBody>行数:44 -INFO- 由jsonpath从全局变量里面取值并替换变量块。。。。
2020-11-30 23:13:52,336 [convertoperator.py] <函数:convertBody>行数:25 -INFO- 分割字符串。。。。
2020-11-30 23:13:52,337 [operator_Common.py] <函数:post>行数:19 -INFO- 执行post请求开始。。。。。。。。。。。。。
2020-11-30 23:13:52,434 [test_case.py] <函数:test_get_commonapi>行数:33 -INFO- 替换body中的空格换行特殊字符开始。。。。
2020-11-30 23:13:52,434 [test_case.py] <函数:test_get_commonapi>行数:36 -INFO- 转换存在可变变量开始。。。。
2020-11-30 23:13:52,434 [operator_Common.py] <函数:post>行数:19 -INFO- 执行post请求开始。。。。。。。。。。。。。
2020-11-30 23:13:52,544 [test_case.py] <函数:test_get_commonapi>行数:33 -INFO- 替换body中的空格换行特殊字符开始。。。。
2020-11-30 23:13:52,544 [test_case.py] <函数:test_get_commonapi>行数:36 -INFO- 转换存在可变变量开始。。。。
2020-11-30 23:13:52,545 [operator_Common.py] <函数:get>行数:28 -INFO- 执行get请求开始。。。。。。。。。。。。
2020-11-30 23:13:52,645 [test_case.py] <函数:test_get_commonapi>行数:33 -INFO- 替换body中的空格换行特殊字符开始。。。。
2020-11-30 23:13:52,645 [test_case.py] <函数:test_get_commonapi>行数:36 -INFO- 转换存在可变变量开始。。。。
2020-11-30 23:13:52,645 [convertoperator.py] <函数:convertBody>行数:18 -INFO- 找出存在可变变量区间块。。。。
2020-11-30 23:13:52,645 [convertoperator.py] <函数:convertBody>行数:25 -INFO- 分割字符串。。。。
2020-11-30 23:13:52,645 [convertoperator.py] <函数:convertBody>行数:25 -INFO- 分割字符串。。。。
2020-11-30 23:13:52,645 [convertoperator.py] <函数:convertBody>行数:31 -INFO- 找块中全局变量的名称。。。。
2020-11-30 23:13:52,645 [convertoperator.py] <函数:convertBody>行数:34 -INFO- 获取全局变量json值。。。。
2020-11-30 23:13:52,645 [convertoperator.py] <函数:convertBody>行数:38 -INFO- 获取块中jsonpath。。。。
2020-11-30 23:13:52,645 [convertoperator.py] <函数:convertBody>行数:44 -INFO- 由jsonpath从全局变量里面取值并替换变量块。。。。
2020-11-30 23:13:52,646 [convertoperator.py] <函数:convertBody>行数:25 -INFO- 分割字符串。。。。
2020-11-30 23:13:52,646 [operator_Common.py] <函数:get>行数:28 -INFO- 执行get请求开始。。。。。。。。。。。。
2020-11-30 23:13:52,743 [test_case.py] <函数:test_get_commonapi>行数:33 -INFO- 替换body中的空格换行特殊字符开始。。。。
2020-11-30 23:13:52,743 [test_case.py] <函数:test_get_commonapi>行数:36 -INFO- 转换存在可变变量开始。。。。
2020-11-30 23:13:52,743 [convertoperator.py] <函数:convertBody>行数:18 -INFO- 找出存在可变变量区间块。。。。
2020-11-30 23:13:52,743 [convertoperator.py] <函数:convertBody>行数:25 -INFO- 分割字符串。。。。
2020-11-30 23:13:52,744 [convertoperator.py] <函数:convertBody>行数:25 -INFO- 分割字符串。。。。
2020-11-30 23:13:52,744 [convertoperator.py] <函数:convertBody>行数:31 -INFO- 找块中全局变量的名称。。。。
2020-11-30 23:13:52,744 [convertoperator.py] <函数:convertBody>行数:34 -INFO- 获取全局变量json值。。。。
2020-11-30 23:13:52,744 [convertoperator.py] <函数:convertBody>行数:38 -INFO- 获取块中jsonpath。。。。
2020-11-30 23:13:52,744 [convertoperator.py] <函数:convertBody>行数:44 -INFO- 由jsonpath从全局变量里面取值并替换变量块。。。。
2020-11-30 23:13:52,744 [convertoperator.py] <函数:convertBody>行数:25 -INFO- 分割字符串。。。。
2020-11-30 23:13:52,744 [convertoperator.py] <函数:convertBody>行数:25 -INFO- 分割字符串。。。。
2020-11-30 23:13:52,744 [convertoperator.py] <函数:convertBody>行数:31 -INFO- 找块中全局变量的名称。。。。
2020-11-30 23:13:52,744 [convertoperator.py] <函数:convertBody>行数:34 -INFO- 获取全局变量json值。。。。
2020-11-30 23:13:52,745 [convertoperator.py] <函数:convertBody>行数:38 -INFO- 获取块中jsonpath。。。。
2020-11-30 23:13:52,745 [convertoperator.py] <函数:convertBody>行数:44 -INFO- 由jsonpath从全局变量里面取值并替换变量块。。。。
2020-11-30 23:13:52,745 [convertoperator.py] <函数:convertBody>行数:25 -INFO- 分割字符串。。。。
2020-11-30 23:13:52,745 [convertoperator.py] <函数:convertBody>行数:25 -INFO- 分割字符串。。。。
2020-11-30 23:13:52,745 [convertoperator.py] <函数:convertBody>行数:31 -INFO- 找块中全局变量的名称。。。。
2020-11-30 23:13:52,745 [convertoperator.py] <函数:convertBody>行数:34 -INFO- 获取全局变量json值。。。。
2020-11-30 23:13:52,745 [convertoperator.py] <函数:convertBody>行数:38 -INFO- 获取块中jsonpath。。。。
2020-11-30 23:13:52,745 [convertoperator.py] <函数:convertBody>行数:44 -INFO- 由jsonpath从全局变量里面取值并替换变量块。。。。
2020-11-30 23:13:52,746 [convertoperator.py] <函数:convertBody>行数:25 -INFO- 分割字符串。。。。
2020-11-30 23:13:52,746 [convertoperator.py] <函数:convertBody>行数:18 -INFO- 找出存在可变变量区间块。。。。
2020-11-30 23:13:52,746 [convertoperator.py] <函数:convertBody>行数:25 -INFO- 分割字符串。。。。
2020-11-30 23:13:52,746 [convertoperator.py] <函数:convertBody>行数:25 -INFO- 分割字符串。。。。
2020-11-30 23:13:52,746 [convertoperator.py] <函数:convertBody>行数:31 -INFO- 找块中全局变量的名称。。。。
2020-11-30 23:13:52,746 [convertoperator.py] <函数:convertBody>行数:34 -INFO- 获取全局变量json值。。。。
2020-11-30 23:13:52,746 [convertoperator.py] <函数:convertBody>行数:38 -INFO- 获取块中jsonpath。。。。
2020-11-30 23:13:52,746 [convertoperator.py] <函数:convertBody>行数:44 -INFO- 由jsonpath从全局变量里面取值并替换变量块。。。。
2020-11-30 23:13:52,746 [convertoperator.py] <函数:convertBody>行数:25 -INFO- 分割字符串。。。。
2020-11-30 23:13:52,747 [operator_Common.py] <函数:post>行数:19 -INFO- 执行post请求开始。。。。。。。。。。。。。
2020-11-30 23:13:52,836 [test_case.py] <函数:test_get_commonapi>行数:33 -INFO- 替换body中的空格换行特殊字符开始。。。。
2020-11-30 23:13:52,836 [test_case.py] <函数:test_get_commonapi>行数:36 -INFO- 转换存在可变变量开始。。。。
2020-11-30 23:13:52,836 [operator_Common.py] <函数:post>行数:19 -INFO- 执行post请求开始。。。。。。。。。。。。。
2020-11-30 23:13:52,924 [test_case.py] <函数:test_get_commonapi>行数:33 -INFO- 替换body中的空格换行特殊字符开始。。。。
2020-11-30 23:13:52,924 [test_case.py] <函数:test_get_commonapi>行数:36 -INFO- 转换存在可变变量开始。。。。
2020-11-30 23:13:52,924 [operator_Common.py] <函数:get>行数:28 -INFO- 执行get请求开始。。。。。。。。。。。。
2020-11-30 23:13:53,013 [test_case.py] <函数:test_get_commonapi>行数:33 -INFO- 替换body中的空格换行特殊字符开始。。。。
2020-11-30 23:13:53,013 [test_case.py] <函数:test_get_commonapi>行数:36 -INFO- 转换存在可变变量开始。。。。
2020-11-30 23:13:53,013 [convertoperator.py] <函数:convertBody>行数:18 -INFO- 找出存在可变变量区间块。。。。
2020-11-30 23:13:53,013 [convertoperator.py] <函数:convertBody>行数:25 -INFO- 分割字符串。。。。
2020-11-30 23:13:53,013 [convertoperator.py] <函数:convertBody>行数:25 -INFO- 分割字符串。。。。
2020-11-30 23:13:53,013 [convertoperator.py] <函数:convertBody>行数:31 -INFO- 找块中全局变量的名称。。。。
2020-11-30 23:13:53,013 [convertoperator.py] <函数:convertBody>行数:34 -INFO- 获取全局变量json值。。。。
2020-11-30 23:13:53,013 [convertoperator.py] <函数:convertBody>行数:38 -INFO- 获取块中jsonpath。。。。
2020-11-30 23:13:53,014 [convertoperator.py] <函数:convertBody>行数:44 -INFO- 由jsonpath从全局变量里面取值并替换变量块。。。。
2020-11-30 23:13:53,014 [convertoperator.py] <函数:convertBody>行数:25 -INFO- 分割字符串。。。。
2020-11-30 23:13:53,014 [operator_Common.py] <函数:get>行数:28 -INFO- 执行get请求开始。。。。。。。。。。。。
2020-11-30 23:13:53,100 [test_case.py] <函数:test_get_commonapi>行数:33 -INFO- 替换body中的空格换行特殊字符开始。。。。
2020-11-30 23:13:53,100 [test_case.py] <函数:test_get_commonapi>行数:36 -INFO- 转换存在可变变量开始。。。。
2020-11-30 23:13:53,100 [convertoperator.py] <函数:convertBody>行数:18 -INFO- 找出存在可变变量区间块。。。。
2020-11-30 23:13:53,101 [convertoperator.py] <函数:convertBody>行数:25 -INFO- 分割字符串。。。。
2020-11-30 23:13:53,101 [convertoperator.py] <函数:convertBody>行数:25 -INFO- 分割字符串。。。。
2020-11-30 23:13:53,101 [convertoperator.py] <函数:convertBody>行数:31 -INFO- 找块中全局变量的名称。。。。
2020-11-30 23:13:53,101 [convertoperator.py] <函数:convertBody>行数:34 -INFO- 获取全局变量json值。。。。
2020-11-30 23:13:53,101 [convertoperator.py] <函数:convertBody>行数:38 -INFO- 获取块中jsonpath。。。。
2020-11-30 23:13:53,101 [convertoperator.py] <函数:convertBody>行数:44 -INFO- 由jsonpath从全局变量里面取值并替换变量块。。。。
2020-11-30 23:13:53,101 [convertoperator.py] <函数:convertBody>行数:25 -INFO- 分割字符串。。。。
2020-11-30 23:13:53,101 [convertoperator.py] <函数:convertBody>行数:25 -INFO- 分割字符串。。。。
2020-11-30 23:13:53,101 [convertoperator.py] <函数:convertBody>行数:31 -INFO- 找块中全局变量的名称。。。。
2020-11-30 23:13:53,102 [convertoperator.py] <函数:convertBody>行数:34 -INFO- 获取全局变量json值。。。。
2020-11-30 23:13:53,102 [convertoperator.py] <函数:convertBody>行数:38 -INFO- 获取块中jsonpath。。。。
2020-11-30 23:13:53,102 [convertoperator.py] <函数:convertBody>行数:44 -INFO- 由jsonpath从全局变量里面取值并替换变量块。。。。
2020-11-30 23:13:53,102 [convertoperator.py] <函数:convertBody>行数:25 -INFO- 分割字符串。。。。
2020-11-30 23:13:53,102 [convertoperator.py] <函数:convertBody>行数:25 -INFO- 分割字符串。。。。
2020-11-30 23:13:53,102 [convertoperator.py] <函数:convertBody>行数:31 -INFO- 找块中全局变量的名称。。。。
2020-11-30 23:13:53,102 [convertoperator.py] <函数:convertBody>行数:34 -INFO- 获取全局变量json值。。。。
2020-11-30 23:13:53,102 [convertoperator.py] <函数:convertBody>行数:38 -INFO- 获取块中jsonpath。。。。
2020-11-30 23:13:53,102 [convertoperator.py] <函数:convertBody>行数:44 -INFO- 由jsonpath从全局变量里面取值并替换变量块。。。。
2020-11-30 23:13:53,103 [convertoperator.py] <函数:convertBody>行数:25 -INFO- 分割字符串。。。。
2020-11-30 23:13:53,103 [convertoperator.py] <函数:convertBody>行数:18 -INFO- 找出存在可变变量区间块。。。。
2020-11-30 23:13:53,103 [convertoperator.py] <函数:convertBody>行数:25 -INFO- 分割字符串。。。。
2020-11-30 23:13:53,103 [convertoperator.py] <函数:convertBody>行数:25 -INFO- 分割字符串。。。。
2020-11-30 23:13:53,103 [convertoperator.py] <函数:convertBody>行数:31 -INFO- 找块中全局变量的名称。。。。
2020-11-30 23:13:53,103 [convertoperator.py] <函数:convertBody>行数:34 -INFO- 获取全局变量json值。。。。
2020-11-30 23:13:53,103 [convertoperator.py] <函数:convertBody>行数:38 -INFO- 获取块中jsonpath。。。。
2020-11-30 23:13:53,103 [convertoperator.py] <函数:convertBody>行数:44 -INFO- 由jsonpath从全局变量里面取值并替换变量块。。。。
2020-11-30 23:13:53,103 [convertoperator.py] <函数:convertBody>行数:25 -INFO- 分割字符串。。。。
2020-11-30 23:13:53,104 [operator_Common.py] <函数:post>行数:19 -INFO- 执行post请求开始。。。。。。。。。。。。。
